1524339016491	geckodriver	INFO	geckodriver 0.19.1
1524339016498	geckodriver	INFO	Listening on 127.0.0.1:63518
1524339016601	mozrunner::runner	INFO	Running command: "/Applications/Firefox.app/Contents/MacOS/firefox-bin" "-marionette" "-profile" "/var/folders/9k/w7jstsp56z9d8j25nq7fkthm0000gn/T/rust_mozprofile.g0O5CbCh16oo"
1524339017716	Marionette	INFO	Enabled via --marionette
2018-04-21 23:30:19.187 plugin-container[11746:137661] *** CFMessagePort: bootstrap_register(): failed 1100 (0x44c) 'Permission denied', port = 0xa433, name = 'com.apple.tsm.portname'
See /usr/include/servers/bootstrap_defs.h for the error codes.
1524339019702	Marionette	INFO	Listening on port 63524
1524339019748	Marionette	WARN	TLS certificate errors will be ignored for this session
2018-04-21 23:30:20.751 plugin-container[11749:137791] *** CFMessagePort: bootstrap_register(): failed 1100 (0x44c) 'Permission denied', port = 0x9f3f, name = 'com.apple.tsm.portname'
See /usr/include/servers/bootstrap_defs.h for the error codes.
1524340677587	geckodriver	INFO	geckodriver 0.19.1
1524340677592	geckodriver	INFO	Listening on 127.0.0.1:49905
1524340677698	mozrunner::runner	INFO	Running command: "/Applications/Firefox.app/Contents/MacOS/firefox-bin" "-marionette" "-profile" "/var/folders/9k/w7jstsp56z9d8j25nq7fkthm0000gn/T/rust_mozprofile.5arXDbCxUmu6"
1524340678738	Marionette	INFO	Enabled via --marionette
2018-04-21 23:58:00.740 plugin-container[12399:153635] *** CFMessagePort: bootstrap_register(): failed 1100 (0x44c) 'Permission denied', port = 0xa337, name = 'com.apple.tsm.portname'
See /usr/include/servers/bootstrap_defs.h for the error codes.
1524340681308	Marionette	INFO	Listening on port 49910
1524340681386	Marionette	WARN	TLS certificate errors will be ignored for this session
2018-04-21 23:58:02.084 plugin-container[12400:153778] *** CFMessagePort: bootstrap_register(): failed 1100 (0x44c) 'Permission denied', port = 0xa133, name = 'com.apple.tsm.portname'
See /usr/include/servers/bootstrap_defs.h for the error codes.
1524340782042	geckodriver	INFO	geckodriver 0.19.1
1524340782058	geckodriver	INFO	Listening on 127.0.0.1:50182
1524340783086	mozrunner::runner	INFO	Running command: "/Applications/Firefox.app/Contents/MacOS/firefox-bin" "-marionette" "-profile" "/var/folders/9k/w7jstsp56z9d8j25nq7fkthm0000gn/T/rust_mozprofile.nqGRydVLibsk"
1524340783752	Marionette	INFO	Enabled via --marionette
2018-04-21 23:59:44.966 plugin-container[12426:155142] *** CFMessagePort: bootstrap_register(): failed 1100 (0x44c) 'Permission denied', port = 0xa637, name = 'com.apple.tsm.portname'
See /usr/include/servers/bootstrap_defs.h for the error codes.
1524340785346	Marionette	INFO	Listening on port 50188
1524340785422	Marionette	WARN	TLS certificate errors will be ignored for this session
2018-04-21 23:59:45.800 plugin-container[12427:155225] *** CFMessagePort: bootstrap_register(): failed 1100 (0x44c) 'Permission denied', port = 0xa133, name = 'com.apple.tsm.portname'
See /usr/include/servers/bootstrap_defs.h for the error codes.
1524340964877	geckodriver	INFO	geckodriver 0.19.1
1524340964894	geckodriver	INFO	Listening on 127.0.0.1:50676
1524340965981	mozrunner::runner	INFO	Running command: "/Applications/Firefox.app/Contents/MacOS/firefox-bin" "-marionette" "-profile" "/var/folders/9k/w7jstsp56z9d8j25nq7fkthm0000gn/T/rust_mozprofile.Q0g0LWXo7h39"
1524340966670	Marionette	INFO	Enabled via --marionette
2018-04-22 00:02:47.832 plugin-container[12559:158301] *** CFMessagePort: bootstrap_register(): failed 1100 (0x44c) 'Permission denied', port = 0xa433, name = 'com.apple.tsm.portname'
See /usr/include/servers/bootstrap_defs.h for the error codes.
1524340968190	Marionette	INFO	Listening on port 50682
1524340968242	Marionette	WARN	TLS certificate errors will be ignored for this session
2018-04-22 00:02:48.707 plugin-container[12561:158410] *** CFMessagePort: bootstrap_register(): failed 1100 (0x44c) 'Permission denied', port = 0xa237, name = 'com.apple.tsm.portname'
See /usr/include/servers/bootstrap_defs.h for the error codes.
1524341124100	geckodriver	INFO	geckodriver 0.19.1
1524341124110	geckodriver	INFO	Listening on 127.0.0.1:51129
1524341125239	mozrunner::runner	INFO	Running command: "/Applications/Firefox.app/Contents/MacOS/firefox-bin" "-marionette" "-profile" "/var/folders/9k/w7jstsp56z9d8j25nq7fkthm0000gn/T/rust_mozprofile.rVyXvsM5RlC4"
1524341125934	Marionette	INFO	Enabled via --marionette
2018-04-22 00:05:27.142 plugin-container[12583:159903] *** CFMessagePort: bootstrap_register(): failed 1100 (0x44c) 'Permission denied', port = 0xa633, name = 'com.apple.tsm.portname'
See /usr/include/servers/bootstrap_defs.h for the error codes.
1524341127464	Marionette	INFO	Listening on port 51135
1524341127556	Marionette	WARN	TLS certificate errors will be ignored for this session
2018-04-22 00:05:28.141 plugin-container[12584:160059] *** CFMessagePort: bootstrap_register(): failed 1100 (0x44c) 'Permission denied', port = 0x9f37, name = 'com.apple.tsm.portname'
See /usr/include/servers/bootstrap_defs.h for the error codes.
1524341430609	geckodriver	INFO	geckodriver 0.19.1
1524341430623	geckodriver	INFO	Listening on 127.0.0.1:52149
1524341431718	mozrunner::runner	INFO	Running command: "/Applications/Firefox.app/Contents/MacOS/firefox-bin" "-marionette" "-profile" "/var/folders/9k/w7jstsp56z9d8j25nq7fkthm0000gn/T/rust_mozprofile.z7BWeF0Vt9zc"
1524341432398	Marionette	INFO	Enabled via --marionette
2018-04-22 00:10:33.391 plugin-container[12715:163835] *** CFMessagePort: bootstrap_register(): failed 1100 (0x44c) 'Permission denied', port = 0xa437, name = 'com.apple.tsm.portname'
See /usr/include/servers/bootstrap_defs.h for the error codes.
1524341433768	Marionette	INFO	Listening on port 52157
1524341433808	Marionette	WARN	TLS certificate errors will be ignored for this session
2018-04-22 00:10:34.321 plugin-container[12716:163943] *** CFMessagePort: bootstrap_register(): failed 1100 (0x44c) 'Permission denied', port = 0xa037, name = 'com.apple.tsm.portname'
See /usr/include/servers/bootstrap_defs.h for the error codes.
1524341518407	geckodriver	INFO	geckodriver 0.19.1
1524341518414	geckodriver	INFO	Listening on 127.0.0.1:52487
1524341519498	mozrunner::runner	INFO	Running command: "/Applications/Firefox.app/Contents/MacOS/firefox-bin" "-marionette" "-profile" "/var/folders/9k/w7jstsp56z9d8j25nq7fkthm0000gn/T/rust_mozprofile.uhzH8Mg2nzEc"
1524341520100	Marionette	INFO	Enabled via --marionette
2018-04-22 00:12:01.025 plugin-container[12734:164978] *** CFMessagePort: bootstrap_register(): failed 1100 (0x44c) 'Permission denied', port = 0xa53b, name = 'com.apple.tsm.portname'
See /usr/include/servers/bootstrap_defs.h for the error codes.
1524341521374	Marionette	INFO	Listening on port 52493
1524341521388	Marionette	WARN	TLS certificate errors will be ignored for this session
2018-04-22 00:12:01.889 plugin-container[12735:165075] *** CFMessagePort: bootstrap_register(): failed 1100 (0x44c) 'Permission denied', port = 0xa037, name = 'com.apple.tsm.portname'
See /usr/include/servers/bootstrap_defs.h for the error codes.
[GFX1-]: Receive IPC close with reason=AbnormalShutdown
[GFX1-]: Receive IPC close with reason=AbnormalShutdown
1524341594850	geckodriver	INFO	geckodriver 0.19.1
1524341594855	geckodriver	INFO	Listening on 127.0.0.1:52710
1524341595917	mozrunner::runner	INFO	Running command: "/Applications/Firefox.app/Contents/MacOS/firefox-bin" "-marionette" "-profile" "/var/folders/9k/w7jstsp56z9d8j25nq7fkthm0000gn/T/rust_mozprofile.FO19yRQkxA91"
1524341596436	Marionette	INFO	Enabled via --marionette
2018-04-22 00:13:17.520 plugin-container[12763:166736] *** CFMessagePort: bootstrap_register(): failed 1100 (0x44c) 'Permission denied', port = 0xa337, name = 'com.apple.tsm.portname'
See /usr/include/servers/bootstrap_defs.h for the error codes.
1524341597902	Marionette	INFO	Listening on port 52718
1524341597914	Marionette	WARN	TLS certificate errors will be ignored for this session
2018-04-22 00:13:18.355 plugin-container[12765:166832] *** CFMessagePort: bootstrap_register(): failed 1100 (0x44c) 'Permission denied', port = 0xa037, name = 'com.apple.tsm.portname'
See /usr/include/servers/bootstrap_defs.h for the error codes.
1524341850313	geckodriver	INFO	geckodriver 0.19.1
1524341850318	geckodriver	INFO	Listening on 127.0.0.1:53147
1524341850393	mozrunner::runner	INFO	Running command: "/Applications/Firefox.app/Contents/MacOS/firefox-bin" "-marionette" "-profile" "/var/folders/9k/w7jstsp56z9d8j25nq7fkthm0000gn/T/rust_mozprofile.bYYUPr4jb3hd"
1524341851184	Marionette	INFO	Enabled via --marionette
2018-04-22 00:17:32.208 plugin-container[12898:170446] *** CFMessagePort: bootstrap_register(): failed 1100 (0x44c) 'Permission denied', port = 0xa637, name = 'com.apple.tsm.portname'
See /usr/include/servers/bootstrap_defs.h for the error codes.
1524341852522	Marionette	INFO	Listening on port 53152
1524341852558	Marionette	WARN	TLS certificate errors will be ignored for this session
2018-04-22 00:17:33.041 plugin-container[12899:170539] *** CFMessagePort: bootstrap_register(): failed 1100 (0x44c) 'Permission denied', port = 0xa237, name = 'com.apple.tsm.portname'
See /usr/include/servers/bootstrap_defs.h for the error codes.
1524342177830	geckodriver	INFO	geckodriver 0.19.1
1524342177843	geckodriver	INFO	Listening on 127.0.0.1:53662
1524342178927	mozrunner::runner	INFO	Running command: "/Applications/Firefox.app/Contents/MacOS/firefox-bin" "-marionette" "-profile" "/var/folders/9k/w7jstsp56z9d8j25nq7fkthm0000gn/T/rust_mozprofile.LfLwto7uuWfX"
1524342179984	Marionette	INFO	Enabled via --marionette
2018-04-22 00:23:01.304 plugin-container[12999:174443] *** CFMessagePort: bootstrap_register(): failed 1100 (0x44c) 'Permission denied', port = 0xa52b, name = 'com.apple.tsm.portname'
See /usr/include/servers/bootstrap_defs.h for the error codes.
1524342181866	Marionette	INFO	Listening on port 53668
1524342181908	Marionette	WARN	TLS certificate errors will be ignored for this session
2018-04-22 00:23:02.462 plugin-container[13022:174596] *** CFMessagePort: bootstrap_register(): failed 1100 (0x44c) 'Permission denied', port = 0xa33b, name = 'com.apple.tsm.portname'
See /usr/include/servers/bootstrap_defs.h for the error codes.
1524342227407	geckodriver	INFO	geckodriver 0.19.1
1524342227413	geckodriver	INFO	Listening on 127.0.0.1:53880
1524342228478	mozrunner::runner	INFO	Running command: "/Applications/Firefox.app/Contents/MacOS/firefox-bin" "-marionette" "-profile" "/var/folders/9k/w7jstsp56z9d8j25nq7fkthm0000gn/T/rust_mozprofile.NOtVXfto7OHY"
1524342229048	Marionette	INFO	Enabled via --marionette
2018-04-22 00:23:50.061 plugin-container[13066:175916] *** CFMessagePort: bootstrap_register(): failed 1100 (0x44c) 'Permission denied', port = 0xa537, name = 'com.apple.tsm.portname'
See /usr/include/servers/bootstrap_defs.h for the error codes.
1524342230396	Marionette	INFO	Listening on port 53886
1524342230482	Marionette	WARN	TLS certificate errors will be ignored for this session
2018-04-22 00:23:50.940 plugin-container[13067:176042] *** CFMessagePort: bootstrap_register(): failed 1100 (0x44c) 'Permission denied', port = 0xa033, name = 'com.apple.tsm.portname'
See /usr/include/servers/bootstrap_defs.h for the error codes.
[GFX1-]: Receive IPC close with reason=AbnormalShutdown
[GFX1-]: Receive IPC close with reason=AbnormalShutdown
[Child 13066, Chrome_ChildThread] WARNING: pipe error: Broken pipe: file /builds/worker/workspace/build/src/ipc/chromium/src/chrome/common/ipc_channel_posix.cc, line 709
1524342264152	geckodriver	INFO	geckodriver 0.19.1
1524342264157	geckodriver	INFO	Listening on 127.0.0.1:54058
1524342265235	mozrunner::runner	INFO	Running command: "/Applications/Firefox.app/Contents/MacOS/firefox-bin" "-marionette" "-profile" "/var/folders/9k/w7jstsp56z9d8j25nq7fkthm0000gn/T/rust_mozprofile.sk1UjhlWr3ec"
1524342265808	Marionette	INFO	Enabled via --marionette
2018-04-22 00:24:26.816 plugin-container[13079:177106] *** CFMessagePort: bootstrap_register(): failed 1100 (0x44c) 'Permission denied', port = 0xa437, name = 'com.apple.tsm.portname'
See /usr/include/servers/bootstrap_defs.h for the error codes.
1524342267192	Marionette	INFO	Listening on port 54066
1524342267278	Marionette	WARN	TLS certificate errors will be ignored for this session
2018-04-22 00:24:27.711 plugin-container[13080:177192] *** CFMessagePort: bootstrap_register(): failed 1100 (0x44c) 'Permission denied', port = 0xa333, name = 'com.apple.tsm.portname'
See /usr/include/servers/bootstrap_defs.h for the error codes.
1524342506939	geckodriver	INFO	geckodriver 0.19.1
1524342506969	geckodriver	INFO	Listening on 127.0.0.1:54498
1524342508039	mozrunner::runner	INFO	Running command: "/Applications/Firefox.app/Contents/MacOS/firefox-bin" "-marionette" "-profile" "/var/folders/9k/w7jstsp56z9d8j25nq7fkthm0000gn/T/rust_mozprofile.eDSMrvgUMLza"
1524342508702	Marionette	INFO	Enabled via --marionette
2018-04-22 00:28:29.769 plugin-container[13130:179285] *** CFMessagePort: bootstrap_register(): failed 1100 (0x44c) 'Permission denied', port = 0xa437, name = 'com.apple.tsm.portname'
See /usr/include/servers/bootstrap_defs.h for the error codes.
1524342510222	Marionette	INFO	Listening on port 54504
1524342510248	Marionette	WARN	TLS certificate errors will be ignored for this session
2018-04-22 00:28:30.759 plugin-container[13131:179390] *** CFMessagePort: bootstrap_register(): failed 1100 (0x44c) 'Permission denied', port = 0xa337, name = 'com.apple.tsm.portname'
See /usr/include/servers/bootstrap_defs.h for the error codes.
1524342582535	geckodriver	INFO	geckodriver 0.19.1
1524342582540	geckodriver	INFO	Listening on 127.0.0.1:54731
1524342583612	mozrunner::runner	INFO	Running command: "/Applications/Firefox.app/Contents/MacOS/firefox-bin" "-marionette" "-profile" "/var/folders/9k/w7jstsp56z9d8j25nq7fkthm0000gn/T/rust_mozprofile.boxMy20Zqmbx"
1524342584136	Marionette	INFO	Enabled via --marionette
2018-04-22 00:29:45.052 plugin-container[13145:180413] *** CFMessagePort: bootstrap_register(): failed 1100 (0x44c) 'Permission denied', port = 0xa537, name = 'com.apple.tsm.portname'
See /usr/include/servers/bootstrap_defs.h for the error codes.
1524342585424	Marionette	INFO	Listening on port 54737
1524342585490	Marionette	WARN	TLS certificate errors will be ignored for this session
2018-04-22 00:29:46.036 plugin-container[13146:180506] *** CFMessagePort: bootstrap_register(): failed 1100 (0x44c) 'Permission denied', port = 0xa037, name = 'com.apple.tsm.portname'
See /usr/include/servers/bootstrap_defs.h for the error codes.
1524343398858	geckodriver	INFO	geckodriver 0.19.1
1524343398873	geckodriver	INFO	Listening on 127.0.0.1:56332
1524343400019	mozrunner::runner	INFO	Running command: "/Applications/Firefox.app/Contents/MacOS/firefox-bin" "-marionette" "-profile" "/var/folders/9k/w7jstsp56z9d8j25nq7fkthm0000gn/T/rust_mozprofile.sMAyihpSoYKo"
1524343400730	Marionette	INFO	Enabled via --marionette
2018-04-22 00:43:21.962 plugin-container[13452:187248] *** CFMessagePort: bootstrap_register(): failed 1100 (0x44c) 'Permission denied', port = 0xa637, name = 'com.apple.tsm.portname'
See /usr/include/servers/bootstrap_defs.h for the error codes.
1524343402462	Marionette	INFO	Listening on port 56339
1524343402564	Marionette	WARN	TLS certificate errors will be ignored for this session
2018-04-22 00:43:23.053 plugin-container[13462:187369] *** CFMessagePort: bootstrap_register(): failed 1100 (0x44c) 'Permission denied', port = 0xa137, name = 'com.apple.tsm.portname'
See /usr/include/servers/bootstrap_defs.h for the error codes.
1524344212359	geckodriver	INFO	geckodriver 0.19.1
1524344212387	geckodriver	INFO	Listening on 127.0.0.1:57962
1524344213473	mozrunner::runner	INFO	Running command: "/Applications/Firefox.app/Contents/MacOS/firefox-bin" "-marionette" "-profile" "/var/folders/9k/w7jstsp56z9d8j25nq7fkthm0000gn/T/rust_mozprofile.RdMVHcQyDTaV"
1524344214260	Marionette	INFO	Enabled via --marionette
2018-04-22 00:56:55.500 plugin-container[13883:196501] *** CFMessagePort: bootstrap_register(): failed 1100 (0x44c) 'Permission denied', port = 0xa437, name = 'com.apple.tsm.portname'
See /usr/include/servers/bootstrap_defs.h for the error codes.
1524344216036	Marionette	INFO	Listening on port 57974
1524344216160	Marionette	WARN	TLS certificate errors will be ignored for this session
2018-04-22 00:56:56.707 plugin-container[13884:196622] *** CFMessagePort: bootstrap_register(): failed 1100 (0x44c) 'Permission denied', port = 0xa237, name = 'com.apple.tsm.portname'
See /usr/include/servers/bootstrap_defs.h for the error codes.
1524344252863	geckodriver	INFO	geckodriver 0.19.1
1524344252873	geckodriver	INFO	Listening on 127.0.0.1:58118
1524344253964	mozrunner::runner	INFO	Running command: "/Applications/Firefox.app/Contents/MacOS/firefox-bin" "-marionette" "-profile" "/var/folders/9k/w7jstsp56z9d8j25nq7fkthm0000gn/T/rust_mozprofile.AErSFx9SvH30"
1524344254584	Marionette	INFO	Enabled via --marionette
2018-04-22 00:57:35.674 plugin-container[13902:197399] *** CFMessagePort: bootstrap_register(): failed 1100 (0x44c) 'Permission denied', port = 0xa437, name = 'com.apple.tsm.portname'
See /usr/include/servers/bootstrap_defs.h for the error codes.
1524344256044	Marionette	INFO	Listening on port 58124
1524344256074	Marionette	WARN	TLS certificate errors will be ignored for this session
1524344256252	addons.xpi	WARN	Exception running bootstrap method shutdown on activity-stream@mozilla.org: [Exception... "Component returned failure code: 0x80004005 (NS_ERROR_FAILURE) [nsIObserverService.removeObserver]"  nsresult: "0x80004005 (NS_ERROR_FAILURE)"  location: "JS frame :: resource://activity-stream/lib/SnippetsFeed.jsm :: uninit :: line 125"  data: no] Stack trace: uninit()@resource://activity-stream/lib/SnippetsFeed.jsm:125 < onAction()@resource://activity-stream/lib/SnippetsFeed.jsm:141 < _middleware/</<()@resource://activity-stream/lib/Store.jsm:51 < Store/this[method]()@resource://activity-stream/lib/Store.jsm:30 < uninit()@resource://activity-stream/lib/Store.jsm:153 < uninit()@resource://activity-stream/lib/ActivityStream.jsm:274 < uninit()@resource://gre/modules/addons/XPIProvider.jsm -> jar:file:///Applications/Firefox.app/Contents/Resources/browser/features/activity-stream@mozilla.org.xpi!/bootstrap.js:80 < shutdown()@resource://gre/modules/addons/XPIProvider.jsm -> jar:file:///Applications/Firefox.app/Contents/Resources/browser/features/activity-stream@mozilla.org.xpi!/bootstrap.js:196 < callBootstrapMethod()@resource://gre/modules/addons/XPIProvider.jsm:4419 < observe()@resource://gre/modules/addons/XPIProvider.jsm:2279 < GeckoDriver.prototype.quit()@driver.js:3270 < despatch()@server.js:557 < execute()@server.js:531 < onPacket/<()@server.js:506 < onPacket()@server.js:505 < _onJSONObjectReady/<()@transport.js:500
[GFX1-]: Receive IPC close with reason=AbnormalShutdown
[Child 13902, Chrome_ChildThread] WARNING: pipe error: Broken pipe: file /builds/worker/workspace/build/src/ipc/chromium/src/chrome/common/ipc_channel_posix.cc, line 709
1524345508320	geckodriver	INFO	geckodriver 0.19.1
1524345508334	geckodriver	INFO	Listening on 127.0.0.1:60566
1524345509436	mozrunner::runner	INFO	Running command: "/Applications/Firefox.app/Contents/MacOS/firefox-bin" "-marionette" "-profile" "/var/folders/9k/w7jstsp56z9d8j25nq7fkthm0000gn/T/rust_mozprofile.43csAUyZlrkI"
1524345510204	Marionette	INFO	Enabled via --marionette
2018-04-22 01:18:31.310 plugin-container[14488:209841] *** CFMessagePort: bootstrap_register(): failed 1100 (0x44c) 'Permission denied', port = 0xa437, name = 'com.apple.tsm.portname'
See /usr/include/servers/bootstrap_defs.h for the error codes.
1524345511692	Marionette	INFO	Listening on port 60573
1524345511754	Marionette	WARN	TLS certificate errors will be ignored for this session
1524345511950	addons.xpi	WARN	Exception running bootstrap method shutdown on activity-stream@mozilla.org: [Exception... "Component returned failure code: 0x80004005 (NS_ERROR_FAILURE) [nsIObserverService.removeObserver]"  nsresult: "0x80004005 (NS_ERROR_FAILURE)"  location: "JS frame :: resource://activity-stream/lib/SnippetsFeed.jsm :: uninit :: line 125"  data: no] Stack trace: uninit()@resource://activity-stream/lib/SnippetsFeed.jsm:125 < onAction()@resource://activity-stream/lib/SnippetsFeed.jsm:141 < _middleware/</<()@resource://activity-stream/lib/Store.jsm:51 < Store/this[method]()@resource://activity-stream/lib/Store.jsm:30 < uninit()@resource://activity-stream/lib/Store.jsm:153 < uninit()@resource://activity-stream/lib/ActivityStream.jsm:274 < uninit()@resource://gre/modules/addons/XPIProvider.jsm -> jar:file:///Applications/Firefox.app/Contents/Resources/browser/features/activity-stream@mozilla.org.xpi!/bootstrap.js:80 < shutdown()@resource://gre/modules/addons/XPIProvider.jsm -> jar:file:///Applications/Firefox.app/Contents/Resources/browser/features/activity-stream@mozilla.org.xpi!/bootstrap.js:196 < callBootstrapMethod()@resource://gre/modules/addons/XPIProvider.jsm:4419 < observe()@resource://gre/modules/addons/XPIProvider.jsm:2279 < GeckoDriver.prototype.quit()@driver.js:3270 < despatch()@server.js:557 < execute()@server.js:531 < onPacket/<()@server.js:506 < onPacket()@server.js:505 < _onJSONObjectReady/<()@transport.js:500
[Child 14488, Chrome_ChildThread] WARNING: pipe error: Broken pipe: file /builds/worker/workspace/build/src/ipc/chromium/src/chrome/common/ipc_channel_posix.cc, line 709

###!!! [Child][MessageChannel] Error: (msgtype=0x2C00CB,name=PContent::Msg_GraphicsError) Channel error: cannot send/recv

[GFX1-]: Receive IPC close with reason=AbnormalShutdown
1524345527657	geckodriver	INFO	geckodriver 0.19.1
1524345527663	geckodriver	INFO	Listening on 127.0.0.1:60623
1524345528748	mozrunner::runner	INFO	Running command: "/Applications/Firefox.app/Contents/MacOS/firefox-bin" "-marionette" "-profile" "/var/folders/9k/w7jstsp56z9d8j25nq7fkthm0000gn/T/rust_mozprofile.t53xSoDBKFCj"
1524345529598	Marionette	INFO	Enabled via --marionette
2018-04-22 01:18:50.902 plugin-container[14504:210861] *** CFMessagePort: bootstrap_register(): failed 1100 (0x44c) 'Permission denied', port = 0xa43b, name = 'com.apple.tsm.portname'
See /usr/include/servers/bootstrap_defs.h for the error codes.
1524345531444	Marionette	INFO	Listening on port 60629
1524345531492	Marionette	WARN	TLS certificate errors will be ignored for this session
1524345531766	addons.xpi	WARN	Exception running bootstrap method shutdown on activity-stream@mozilla.org: [Exception... "Component returned failure code: 0x80004005 (NS_ERROR_FAILURE) [nsIObserverService.removeObserver]"  nsresult: "0x80004005 (NS_ERROR_FAILURE)"  location: "JS frame :: resource://activity-stream/lib/SnippetsFeed.jsm :: uninit :: line 125"  data: no] Stack trace: uninit()@resource://activity-stream/lib/SnippetsFeed.jsm:125 < onAction()@resource://activity-stream/lib/SnippetsFeed.jsm:141 < _middleware/</<()@resource://activity-stream/lib/Store.jsm:51 < Store/this[method]()@resource://activity-stream/lib/Store.jsm:30 < uninit()@resource://activity-stream/lib/Store.jsm:153 < uninit()@resource://activity-stream/lib/ActivityStream.jsm:274 < uninit()@resource://gre/modules/addons/XPIProvider.jsm -> jar:file:///Applications/Firefox.app/Contents/Resources/browser/features/activity-stream@mozilla.org.xpi!/bootstrap.js:80 < shutdown()@resource://gre/modules/addons/XPIProvider.jsm -> jar:file:///Applications/Firefox.app/Contents/Resources/browser/features/activity-stream@mozilla.org.xpi!/bootstrap.js:196 < callBootstrapMethod()@resource://gre/modules/addons/XPIProvider.jsm:4419 < observe()@resource://gre/modules/addons/XPIProvider.jsm:2279 < GeckoDriver.prototype.quit()@driver.js:3270 < despatch()@server.js:557 < execute()@server.js:531 < onPacket/<()@server.js:506 < onPacket()@server.js:505 < _onJSONObjectReady/<()@transport.js:500
[GFX1-]: Receive IPC close with reason=AbnormalShutdown
1524345581956	geckodriver	INFO	geckodriver 0.19.1
1524345581961	geckodriver	INFO	Listening on 127.0.0.1:60714
1524345583026	mozrunner::runner	INFO	Running command: "/Applications/Firefox.app/Contents/MacOS/firefox-bin" "-marionette" "-profile" "/var/folders/9k/w7jstsp56z9d8j25nq7fkthm0000gn/T/rust_mozprofile.zfGVTjvmDsE9"
1524345583510	Marionette	INFO	Enabled via --marionette
2018-04-22 01:19:44.440 plugin-container[14634:212524] *** CFMessagePort: bootstrap_register(): failed 1100 (0x44c) 'Permission denied', port = 0xa437, name = 'com.apple.tsm.portname'
See /usr/include/servers/bootstrap_defs.h for the error codes.
1524345584782	Marionette	INFO	Listening on port 60723
1524345584812	Marionette	WARN	TLS certificate errors will be ignored for this session
2018-04-22 01:19:45.376 plugin-container[14635:212618] *** CFMessagePort: bootstrap_register(): failed 1100 (0x44c) 'Permission denied', port = 0xa123, name = 'com.apple.tsm.portname'
See /usr/include/servers/bootstrap_defs.h for the error codes.
[GFX1-]: Receive IPC close with reason=AbnormalShutdown
[Child 14635, Chrome_ChildThread] WARNING: pipe error: Broken pipe: file /builds/worker/workspace/build/src/ipc/chromium/src/chrome/common/ipc_channel_posix.cc, line 709
1524346162858	geckodriver	INFO	geckodriver 0.19.1
1524346162862	geckodriver	INFO	Listening on 127.0.0.1:61400
1524346162936	mozrunner::runner	INFO	Running command: "/Applications/Firefox.app/Contents/MacOS/firefox-bin" "-marionette" "-profile" "/var/folders/9k/w7jstsp56z9d8j25nq7fkthm0000gn/T/rust_mozprofile.hr2DJRgwtKlC"
1524346163456	Marionette	INFO	Enabled via --marionette
2018-04-22 01:29:24.461 plugin-container[14780:218121] *** CFMessagePort: bootstrap_register(): failed 1100 (0x44c) 'Permission denied', port = 0xa537, name = 'com.apple.tsm.portname'
See /usr/include/servers/bootstrap_defs.h for the error codes.
1524346165048	Marionette	INFO	Listening on port 61405
1524346165076	Marionette	WARN	TLS certificate errors will be ignored for this session
2018-04-22 01:29:25.800 plugin-container[14781:218276] *** CFMessagePort: bootstrap_register(): failed 1100 (0x44c) 'Permission denied', port = 0xa137, name = 'com.apple.tsm.portname'
See /usr/include/servers/bootstrap_defs.h for the error codes.
1524346205066	geckodriver	INFO	geckodriver 0.19.1
1524346205072	geckodriver	INFO	Listening on 127.0.0.1:61506
1524346206132	mozrunner::runner	INFO	Running command: "/Applications/Firefox.app/Contents/MacOS/firefox-bin" "-marionette" "-profile" "/var/folders/9k/w7jstsp56z9d8j25nq7fkthm0000gn/T/rust_mozprofile.5IU6GNwvNZPP"
1524346206800	Marionette	INFO	Enabled via --marionette
2018-04-22 01:30:07.894 plugin-container[14800:219529] *** CFMessagePort: bootstrap_register(): failed 1100 (0x44c) 'Permission denied', port = 0xa33b, name = 'com.apple.tsm.portname'
See /usr/include/servers/bootstrap_defs.h for the error codes.
1524346208330	Marionette	INFO	Listening on port 61512
1524346208354	Marionette	WARN	TLS certificate errors will be ignored for this session
2018-04-22 01:30:08.809 plugin-container[14801:219621] *** CFMessagePort: bootstrap_register(): failed 1100 (0x44c) 'Permission denied', port = 0xa037, name = 'com.apple.tsm.portname'
See /usr/include/servers/bootstrap_defs.h for the error codes.
[GFX1-]: Receive IPC close with reason=AbnormalShutdown
[GFX1-]: Receive IPC close with reason=AbnormalShutdown
1524346265415	geckodriver	INFO	geckodriver 0.19.1
1524346265420	geckodriver	INFO	Listening on 127.0.0.1:61630
1524346266487	mozrunner::runner	INFO	Running command: "/Applications/Firefox.app/Contents/MacOS/firefox-bin" "-marionette" "-profile" "/var/folders/9k/w7jstsp56z9d8j25nq7fkthm0000gn/T/rust_mozprofile.6SMvXJHadBqI"
1524346267028	Marionette	INFO	Enabled via --marionette
2018-04-22 01:31:07.962 plugin-container[14818:220924] *** CFMessagePort: bootstrap_register(): failed 1100 (0x44c) 'Permission denied', port = 0xa637, name = 'com.apple.tsm.portname'
See /usr/include/servers/bootstrap_defs.h for the error codes.
1524346268276	Marionette	INFO	Listening on port 61637
1524346268366	Marionette	WARN	TLS certificate errors will be ignored for this session
2018-04-22 01:31:08.825 plugin-container[14819:221044] *** CFMessagePort: bootstrap_register(): failed 1100 (0x44c) 'Permission denied', port = 0xa037, name = 'com.apple.tsm.portname'
See /usr/include/servers/bootstrap_defs.h for the error codes.
[GFX1-]: Receive IPC close with reason=AbnormalShutdown
1524346325140	geckodriver	INFO	geckodriver 0.19.1
1524346325147	geckodriver	INFO	Listening on 127.0.0.1:61750
1524346325229	mozrunner::runner	INFO	Running command: "/Applications/Firefox.app/Contents/MacOS/firefox-bin" "-marionette" "-profile" "/var/folders/9k/w7jstsp56z9d8j25nq7fkthm0000gn/T/rust_mozprofile.SIhi5219QxoO"
1524346325794	Marionette	INFO	Enabled via --marionette
2018-04-22 01:32:06.871 plugin-container[14841:222387] *** CFMessagePort: bootstrap_register(): failed 1100 (0x44c) 'Permission denied', port = 0xa637, name = 'com.apple.tsm.portname'
See /usr/include/servers/bootstrap_defs.h for the error codes.
1524346327218	Marionette	INFO	Listening on port 61755
1524346327324	Marionette	WARN	TLS certificate errors will be ignored for this session
2018-04-22 01:32:07.930 plugin-container[14842:222472] *** CFMessagePort: bootstrap_register(): failed 1100 (0x44c) 'Permission denied', port = 0xa137, name = 'com.apple.tsm.portname'
See /usr/include/servers/bootstrap_defs.h for the error codes.
[GFX1-]: Receive IPC close with reason=AbnormalShutdown
1524346435649	geckodriver	INFO	geckodriver 0.19.1
1524346435656	geckodriver	INFO	Listening on 127.0.0.1:61993
1524346436753	mozrunner::runner	INFO	Running command: "/Applications/Firefox.app/Contents/MacOS/firefox-bin" "-marionette" "-profile" "/var/folders/9k/w7jstsp56z9d8j25nq7fkthm0000gn/T/rust_mozprofile.AXE2KfffeUuF"
1524346437410	Marionette	INFO	Enabled via --marionette
2018-04-22 01:33:58.520 plugin-container[14866:224500] *** CFMessagePort: bootstrap_register(): failed 1100 (0x44c) 'Permission denied', port = 0xa637, name = 'com.apple.tsm.portname'
See /usr/include/servers/bootstrap_defs.h for the error codes.
1524346438928	Marionette	INFO	Listening on port 62001
1524346438962	Marionette	WARN	TLS certificate errors will be ignored for this session
2018-04-22 01:33:59.467 plugin-container[14867:224593] *** CFMessagePort: bootstrap_register(): failed 1100 (0x44c) 'Permission denied', port = 0xa037, name = 'com.apple.tsm.portname'
See /usr/include/servers/bootstrap_defs.h for the error codes.
1524346483713	geckodriver	INFO	geckodriver 0.19.1
1524346483718	geckodriver	INFO	Listening on 127.0.0.1:62110
1524346484790	mozrunner::runner	INFO	Running command: "/Applications/Firefox.app/Contents/MacOS/firefox-bin" "-marionette" "-profile" "/var/folders/9k/w7jstsp56z9d8j25nq7fkthm0000gn/T/rust_mozprofile.J565huJSjVQ4"
1524346485500	Marionette	INFO	Enabled via --marionette
2018-04-22 01:34:46.602 plugin-container[14887:225684] *** CFMessagePort: bootstrap_register(): failed 1100 (0x44c) 'Permission denied', port = 0xa42b, name = 'com.apple.tsm.portname'
See /usr/include/servers/bootstrap_defs.h for the error codes.
1524346487056	Marionette	INFO	Listening on port 62117
1524346487092	Marionette	WARN	TLS certificate errors will be ignored for this session
2018-04-22 01:34:47.606 plugin-container[14888:225775] *** CFMessagePort: bootstrap_register(): failed 1100 (0x44c) 'Permission denied', port = 0xa037, name = 'com.apple.tsm.portname'
See /usr/include/servers/bootstrap_defs.h for the error codes.
1524346505646	geckodriver	INFO	geckodriver 0.19.1
1524346505650	geckodriver	INFO	Listening on 127.0.0.1:62198
1524346506720	mozrunner::runner	INFO	Running command: "/Applications/Firefox.app/Contents/MacOS/firefox-bin" "-marionette" "-profile" "/var/folders/9k/w7jstsp56z9d8j25nq7fkthm0000gn/T/rust_mozprofile.UcibylcJ11QS"
1524346507204	Marionette	INFO	Enabled via --marionette
2018-04-22 01:35:08.099 plugin-container[14901:226586] *** CFMessagePort: bootstrap_register(): failed 1100 (0x44c) 'Permission denied', port = 0xa433, name = 'com.apple.tsm.portname'
See /usr/include/servers/bootstrap_defs.h for the error codes.
1524346508568	Marionette	INFO	Listening on port 62205
1524346508640	Marionette	WARN	TLS certificate errors will be ignored for this session
2018-04-22 01:35:09.203 plugin-container[14902:226675] *** CFMessagePort: bootstrap_register(): failed 1100 (0x44c) 'Permission denied', port = 0x9f3b, name = 'com.apple.tsm.portname'
See /usr/include/servers/bootstrap_defs.h for the error codes.
1524346769591	geckodriver	INFO	geckodriver 0.19.1
1524346769599	geckodriver	INFO	Listening on 127.0.0.1:62806
1524346770675	mozrunner::runner	INFO	Running command: "/Applications/Firefox.app/Contents/MacOS/firefox-bin" "-marionette" "-profile" "/var/folders/9k/w7jstsp56z9d8j25nq7fkthm0000gn/T/rust_mozprofile.1zg1M7t6nVcM"
1524346771288	Marionette	INFO	Enabled via --marionette
2018-04-22 01:39:32.583 plugin-container[15089:230547] *** CFMessagePort: bootstrap_register(): failed 1100 (0x44c) 'Permission denied', port = 0xa433, name = 'com.apple.tsm.portname'
See /usr/include/servers/bootstrap_defs.h for the error codes.
1524346773106	Marionette	INFO	Listening on port 62813
1524346773144	Marionette	WARN	TLS certificate errors will be ignored for this session
2018-04-22 01:39:33.675 plugin-container[15090:230642] *** CFMessagePort: bootstrap_register(): failed 1100 (0x44c) 'Permission denied', port = 0xa037, name = 'com.apple.tsm.portname'
See /usr/include/servers/bootstrap_defs.h for the error codes.
[GFX1-]: Receive IPC close with reason=AbnormalShutdown
1524374192033	geckodriver	INFO	geckodriver 0.19.1
1524374192040	geckodriver	INFO	Listening on 127.0.0.1:64819
1524374193153	mozrunner::runner	INFO	Running command: "/Applications/Firefox.app/Contents/MacOS/firefox-bin" "-marionette" "-profile" "/var/folders/9k/w7jstsp56z9d8j25nq7fkthm0000gn/T/rust_mozprofile.fDbDWAgNkDq8"
1524374194390	Marionette	INFO	Enabled via --marionette
2018-04-22 09:16:35.980 plugin-container[16237:253622] *** CFMessagePort: bootstrap_register(): failed 1100 (0x44c) 'Permission denied', port = 0xa52f, name = 'com.apple.tsm.portname'
See /usr/include/servers/bootstrap_defs.h for the error codes.
1524374196666	Marionette	INFO	Listening on port 64825
1524374196754	Marionette	WARN	TLS certificate errors will be ignored for this session
2018-04-22 09:16:37.218 plugin-container[16239:253881] *** CFMessagePort: bootstrap_register(): failed 1100 (0x44c) 'Permission denied', port = 0xa033, name = 'com.apple.tsm.portname'
See /usr/include/servers/bootstrap_defs.h for the error codes.
[GFX1-]: Receive IPC close with reason=AbnormalShutdown
1524517744646	geckodriver	INFO	geckodriver 0.19.1
1524517744653	geckodriver	INFO	Listening on 127.0.0.1:64984
1524517744749	mozrunner::runner	INFO	Running command: "/Applications/Firefox.app/Contents/MacOS/firefox-bin" "-marionette" "-profile" "/var/folders/9k/w7jstsp56z9d8j25nq7fkthm0000gn/T/rust_mozprofile.bNLsae3hl5yJ"
1524517746006	Marionette	INFO	Enabled via --marionette
2018-04-24 01:09:08.182 plugin-container[28396:646362] *** CFMessagePort: bootstrap_register(): failed 1100 (0x44c) 'Permission denied', port = 0xa637, name = 'com.apple.tsm.portname'
See /usr/include/servers/bootstrap_defs.h for the error codes.
1524517748856	Marionette	INFO	Listening on port 64989
1524517748918	Marionette	WARN	TLS certificate errors will be ignored for this session
2018-04-24 01:09:09.492 plugin-container[28397:646496] *** CFMessagePort: bootstrap_register(): failed 1100 (0x44c) 'Permission denied', port = 0xa037, name = 'com.apple.tsm.portname'
See /usr/include/servers/bootstrap_defs.h for the error codes.
1524517785636	geckodriver	INFO	geckodriver 0.19.1
1524517785642	geckodriver	INFO	Listening on 127.0.0.1:65206
1524517786721	mozrunner::runner	INFO	Running command: "/Applications/Firefox.app/Contents/MacOS/firefox-bin" "-marionette" "-profile" "/var/folders/9k/w7jstsp56z9d8j25nq7fkthm0000gn/T/rust_mozprofile.dlTzkp3DIwbH"
1524517787286	Marionette	INFO	Enabled via --marionette
2018-04-24 01:09:48.200 plugin-container[28414:647988] *** CFMessagePort: bootstrap_register(): failed 1100 (0x44c) 'Permission denied', port = 0xa537, name = 'com.apple.tsm.portname'
See /usr/include/servers/bootstrap_defs.h for the error codes.
1524517788560	Marionette	INFO	Listening on port 65212
1524517788622	Marionette	WARN	TLS certificate errors will be ignored for this session
2018-04-24 01:09:49.141 plugin-container[28417:648094] *** CFMessagePort: bootstrap_register(): failed 1100 (0x44c) 'Permission denied', port = 0xa337, name = 'com.apple.tsm.portname'
See /usr/include/servers/bootstrap_defs.h for the error codes.
[GFX1-]: Receive IPC close with reason=AbnormalShutdown
1524517827319	geckodriver	INFO	geckodriver 0.19.1
1524517827325	geckodriver	INFO	Listening on 127.0.0.1:65422
1524517828394	mozrunner::runner	INFO	Running command: "/Applications/Firefox.app/Contents/MacOS/firefox-bin" "-marionette" "-profile" "/var/folders/9k/w7jstsp56z9d8j25nq7fkthm0000gn/T/rust_mozprofile.avCdyuI3qMyJ"
1524517828948	Marionette	INFO	Enabled via --marionette
2018-04-24 01:10:29.840 plugin-container[28434:649503] *** CFMessagePort: bootstrap_register(): failed 1100 (0x44c) 'Permission denied', port = 0xa637, name = 'com.apple.tsm.portname'
See /usr/include/servers/bootstrap_defs.h for the error codes.
1524517830178	Marionette	INFO	Listening on port 65430
1524517830280	Marionette	WARN	TLS certificate errors will be ignored for this session
2018-04-24 01:10:30.708 plugin-container[28435:649584] *** CFMessagePort: bootstrap_register(): failed 1100 (0x44c) 'Permission denied', port = 0x9f33, name = 'com.apple.tsm.portname'
See /usr/include/servers/bootstrap_defs.h for the error codes.
[GFX1-]: Receive IPC close with reason=AbnormalShutdown
[Child 28435, Chrome_ChildThread] WARNING: pipe error: Broken pipe: file /builds/worker/workspace/build/src/ipc/chromium/src/chrome/common/ipc_channel_posix.cc, line 709
1524517903223	geckodriver	INFO	geckodriver 0.19.1
1524517903229	geckodriver	INFO	Listening on 127.0.0.1:49268
1524517904292	mozrunner::runner	INFO	Running command: "/Applications/Firefox.app/Contents/MacOS/firefox-bin" "-marionette" "-profile" "/var/folders/9k/w7jstsp56z9d8j25nq7fkthm0000gn/T/rust_mozprofile.RqbmpZZkQrCj"
1524517904800	Marionette	INFO	Enabled via --marionette
2018-04-24 01:11:45.724 plugin-container[28464:651458] *** CFMessagePort: bootstrap_register(): failed 1100 (0x44c) 'Permission denied', port = 0xa637, name = 'com.apple.tsm.portname'
See /usr/include/servers/bootstrap_defs.h for the error codes.
1524517906088	Marionette	INFO	Listening on port 49274
1524517906190	Marionette	WARN	TLS certificate errors will be ignored for this session
2018-04-24 01:11:46.594 plugin-container[28465:651544] *** CFMessagePort: bootstrap_register(): failed 1100 (0x44c) 'Permission denied', port = 0xa037, name = 'com.apple.tsm.portname'
See /usr/include/servers/bootstrap_defs.h for the error codes.
[GFX1-]: Receive IPC close with reason=AbnormalShutdown
[GFX1-]: Receive IPC close with reason=AbnormalShutdown
1524517937003	geckodriver	INFO	geckodriver 0.19.1
1524517937008	geckodriver	INFO	Listening on 127.0.0.1:49484
1524517938081	mozrunner::runner	INFO	Running command: "/Applications/Firefox.app/Contents/MacOS/firefox-bin" "-marionette" "-profile" "/var/folders/9k/w7jstsp56z9d8j25nq7fkthm0000gn/T/rust_mozprofile.EKNLJTpp2j71"
1524517938646	Marionette	INFO	Enabled via --marionette
2018-04-24 01:12:19.562 plugin-container[28487:653152] *** CFMessagePort: bootstrap_register(): failed 1100 (0x44c) 'Permission denied', port = 0xa433, name = 'com.apple.tsm.portname'
See /usr/include/servers/bootstrap_defs.h for the error codes.
1524517939928	Marionette	INFO	Listening on port 49492
1524517939984	Marionette	WARN	TLS certificate errors will be ignored for this session
2018-04-24 01:12:20.448 plugin-container[28488:653239] *** CFMessagePort: bootstrap_register(): failed 1100 (0x44c) 'Permission denied', port = 0xa037, name = 'com.apple.tsm.portname'
See /usr/include/servers/bootstrap_defs.h for the error codes.
1524518052854	geckodriver	INFO	geckodriver 0.19.1
1524518052868	geckodriver	INFO	Listening on 127.0.0.1:49740
1524518052946	mozrunner::runner	INFO	Running command: "/Applications/Firefox.app/Contents/MacOS/firefox-bin" "-marionette" "-profile" "/var/folders/9k/w7jstsp56z9d8j25nq7fkthm0000gn/T/rust_mozprofile.3hTV9L373TwK"
1524518053654	Marionette	INFO	Enabled via --marionette
2018-04-24 01:14:15.079 plugin-container[28530:656220] *** CFMessagePort: bootstrap_register(): failed 1100 (0x44c) 'Permission denied', port = 0xa437, name = 'com.apple.tsm.portname'
See /usr/include/servers/bootstrap_defs.h for the error codes.
1524518055442	Marionette	INFO	Listening on port 49745
1524518055482	Marionette	WARN	TLS certificate errors will be ignored for this session
2018-04-24 01:14:16.131 plugin-container[28544:656360] *** CFMessagePort: bootstrap_register(): failed 1100 (0x44c) 'Permission denied', port = 0xa137, name = 'com.apple.tsm.portname'
See /usr/include/servers/bootstrap_defs.h for the error codes.
[GFX1-]: Receive IPC close with reason=AbnormalShutdown
1524518109219	geckodriver	INFO	geckodriver 0.19.1
1524518109224	geckodriver	INFO	Listening on 127.0.0.1:50024
1524518110287	mozrunner::runner	INFO	Running command: "/Applications/Firefox.app/Contents/MacOS/firefox-bin" "-marionette" "-profile" "/var/folders/9k/w7jstsp56z9d8j25nq7fkthm0000gn/T/rust_mozprofile.nQ6Fx52rz5ez"
1524518110866	Marionette	INFO	Enabled via --marionette
2018-04-24 01:15:11.772 plugin-container[28640:658173] *** CFMessagePort: bootstrap_register(): failed 1100 (0x44c) 'Permission denied', port = 0xa437, name = 'com.apple.tsm.portname'
See /usr/include/servers/bootstrap_defs.h for the error codes.
1524518112160	Marionette	INFO	Listening on port 50030
1524518112176	Marionette	WARN	TLS certificate errors will be ignored for this session
2018-04-24 01:15:12.697 plugin-container[28641:658262] *** CFMessagePort: bootstrap_register(): failed 1100 (0x44c) 'Permission denied', port = 0xa137, name = 'com.apple.tsm.portname'
See /usr/include/servers/bootstrap_defs.h for the error codes.
1524518208018	geckodriver	INFO	geckodriver 0.19.1
1524518208024	geckodriver	INFO	Listening on 127.0.0.1:50264
1524518208112	mozrunner::runner	INFO	Running command: "/Applications/Firefox.app/Contents/MacOS/firefox-bin" "-marionette" "-profile" "/var/folders/9k/w7jstsp56z9d8j25nq7fkthm0000gn/T/rust_mozprofile.rlQT21EWH4bH"
1524518208754	Marionette	INFO	Enabled via --marionette
2018-04-24 01:16:49.970 plugin-container[28657:659995] *** CFMessagePort: bootstrap_register(): failed 1100 (0x44c) 'Permission denied', port = 0xa83b, name = 'com.apple.tsm.portname'
See /usr/include/servers/bootstrap_defs.h for the error codes.
1524518210310	Marionette	INFO	Listening on port 50269
1524518210350	Marionette	WARN	TLS certificate errors will be ignored for this session
2018-04-24 01:16:50.938 plugin-container[28658:660124] *** CFMessagePort: bootstrap_register(): failed 1100 (0x44c) 'Permission denied', port = 0xa237, name = 'com.apple.tsm.portname'
See /usr/include/servers/bootstrap_defs.h for the error codes.
1524518441430	geckodriver	INFO	geckodriver 0.19.1
1524518441440	geckodriver	INFO	Listening on 127.0.0.1:50584
1524518441577	mozrunner::runner	INFO	Running command: "/Applications/Firefox.app/Contents/MacOS/firefox-bin" "-marionette" "-profile" "/var/folders/9k/w7jstsp56z9d8j25nq7fkthm0000gn/T/rust_mozprofile.I3DoxUQLZYOU"
1524518442426	Marionette	INFO	Enabled via --marionette
2018-04-24 01:20:43.582 plugin-container[28737:663932] *** CFMessagePort: bootstrap_register(): failed 1100 (0x44c) 'Permission denied', port = 0xa437, name = 'com.apple.tsm.portname'
See /usr/include/servers/bootstrap_defs.h for the error codes.
1524518444024	Marionette	INFO	Listening on port 50589
1524518444110	Marionette	WARN	TLS certificate errors will be ignored for this session
2018-04-24 01:20:44.648 plugin-container[28752:664209] *** CFMessagePort: bootstrap_register(): failed 1100 (0x44c) 'Permission denied', port = 0xa13b, name = 'com.apple.tsm.portname'
See /usr/include/servers/bootstrap_defs.h for the error codes.
[GFX1-]: Receive IPC close with reason=AbnormalShutdown
[GFX1-]: Receive IPC close with reason=AbnormalShutdown
1524518454856	geckodriver	INFO	geckodriver 0.19.1
1524518454861	geckodriver	INFO	Listening on 127.0.0.1:50679
1524518455950	mozrunner::runner	INFO	Running command: "/Applications/Firefox.app/Contents/MacOS/firefox-bin" "-marionette" "-profile" "/var/folders/9k/w7jstsp56z9d8j25nq7fkthm0000gn/T/rust_mozprofile.XJ9XZGNDb4SD"
1524518456524	Marionette	INFO	Enabled via --marionette
2018-04-24 01:20:57.745 plugin-container[28818:665192] *** CFMessagePort: bootstrap_register(): failed 1100 (0x44c) 'Permission denied', port = 0xa537, name = 'com.apple.tsm.portname'
See /usr/include/servers/bootstrap_defs.h for the error codes.
1524518458090	Marionette	INFO	Listening on port 50685
1524518458164	Marionette	WARN	TLS certificate errors will be ignored for this session
2018-04-24 01:20:58.643 plugin-container[28819:665276] *** CFMessagePort: bootstrap_register(): failed 1100 (0x44c) 'Permission denied', port = 0xa13b, name = 'com.apple.tsm.portname'
See /usr/include/servers/bootstrap_defs.h for the error codes.
1524518458978	addons.xpi	WARN	Exception running bootstrap method shutdown on activity-stream@mozilla.org: [Exception... "Component returned failure code: 0x80004005 (NS_ERROR_FAILURE) [nsIObserverService.removeObserver]"  nsresult: "0x80004005 (NS_ERROR_FAILURE)"  location: "JS frame :: resource://activity-stream/lib/SnippetsFeed.jsm :: uninit :: line 125"  data: no] Stack trace: uninit()@resource://activity-stream/lib/SnippetsFeed.jsm:125 < onAction()@resource://activity-stream/lib/SnippetsFeed.jsm:141 < _middleware/</<()@resource://activity-stream/lib/Store.jsm:51 < Store/this[method]()@resource://activity-stream/lib/Store.jsm:30 < uninit()@resource://activity-stream/lib/Store.jsm:153 < uninit()@resource://activity-stream/lib/ActivityStream.jsm:274 < uninit()@resource://gre/modules/addons/XPIProvider.jsm -> jar:file:///Applications/Firefox.app/Contents/Resources/browser/features/activity-stream@mozilla.org.xpi!/bootstrap.js:80 < shutdown()@resource://gre/modules/addons/XPIProvider.jsm -> jar:file:///Applications/Firefox.app/Contents/Resources/browser/features/activity-stream@mozilla.org.xpi!/bootstrap.js:196 < callBootstrapMethod()@resource://gre/modules/addons/XPIProvider.jsm:4419 < observe()@resource://gre/modules/addons/XPIProvider.jsm:2279
[GFX1-]: Receive IPC close with reason=AbnormalShutdown
1524518472871	geckodriver	INFO	geckodriver 0.19.1
1524518472876	geckodriver	INFO	Listening on 127.0.0.1:50734
1524518473935	mozrunner::runner	INFO	Running command: "/Applications/Firefox.app/Contents/MacOS/firefox-bin" "-marionette" "-profile" "/var/folders/9k/w7jstsp56z9d8j25nq7fkthm0000gn/T/rust_mozprofile.hFkccCR7540c"
1524518474464	Marionette	INFO	Enabled via --marionette
2018-04-24 01:21:15.365 plugin-container[28831:666095] *** CFMessagePort: bootstrap_register(): failed 1100 (0x44c) 'Permission denied', port = 0xa637, name = 'com.apple.tsm.portname'
See /usr/include/servers/bootstrap_defs.h for the error codes.
1524518475716	Marionette	INFO	Listening on port 50740
1524518475724	Marionette	WARN	TLS certificate errors will be ignored for this session
2018-04-24 01:21:16.230 plugin-container[28832:666181] *** CFMessagePort: bootstrap_register(): failed 1100 (0x44c) 'Permission denied', port = 0xa233, name = 'com.apple.tsm.portname'
See /usr/include/servers/bootstrap_defs.h for the error codes.
1524518563276	geckodriver	INFO	geckodriver 0.19.1
1524518563282	geckodriver	INFO	Listening on 127.0.0.1:51006
1524518564364	mozrunner::runner	INFO	Running command: "/Applications/Firefox.app/Contents/MacOS/firefox-bin" "-marionette" "-profile" "/var/folders/9k/w7jstsp56z9d8j25nq7fkthm0000gn/T/rust_mozprofile.P9KOK3Oyzndv"
1524518564956	Marionette	INFO	Enabled via --marionette
2018-04-24 01:22:45.893 plugin-container[28853:668055] *** CFMessagePort: bootstrap_register(): failed 1100 (0x44c) 'Permission denied', port = 0xa437, name = 'com.apple.tsm.portname'
See /usr/include/servers/bootstrap_defs.h for the error codes.
1524518566226	Marionette	INFO	Listening on port 51012
1524518566244	Marionette	WARN	TLS certificate errors will be ignored for this session
2018-04-24 01:22:46.757 plugin-container[28854:668142] *** CFMessagePort: bootstrap_register(): failed 1100 (0x44c) 'Permission denied', port = 0xa033, name = 'com.apple.tsm.portname'
See /usr/include/servers/bootstrap_defs.h for the error codes.
[GFX1-]: Receive IPC close with reason=AbnormalShutdown
[Child 28853, Chrome_ChildThread] WARNING: pipe error: Broken pipe: file /builds/worker/workspace/build/src/ipc/chromium/src/chrome/common/ipc_channel_posix.cc, line 709
1524518821401	geckodriver	INFO	geckodriver 0.19.1
1524518821409	geckodriver	INFO	Listening on 127.0.0.1:51429
1524518822483	mozrunner::runner	INFO	Running command: "/Applications/Firefox.app/Contents/MacOS/firefox-bin" "-marionette" "-profile" "/var/folders/9k/w7jstsp56z9d8j25nq7fkthm0000gn/T/rust_mozprofile.dTJ8XP7w4fk6"
1524518823640	Marionette	INFO	Enabled via --marionette
2018-04-24 01:27:04.989 plugin-container[28891:671992] *** CFMessagePort: bootstrap_register(): failed 1100 (0x44c) 'Permission denied', port = 0xa33b, name = 'com.apple.tsm.portname'
See /usr/include/servers/bootstrap_defs.h for the error codes.
1524518825436	Marionette	INFO	Listening on port 51435
1524518825534	Marionette	WARN	TLS certificate errors will be ignored for this session
2018-04-24 01:27:05.953 plugin-container[28892:672082] *** CFMessagePort: bootstrap_register(): failed 1100 (0x44c) 'Permission denied', port = 0xa137, name = 'com.apple.tsm.portname'
See /usr/include/servers/bootstrap_defs.h for the error codes.
1524518883665	geckodriver	INFO	geckodriver 0.19.1
1524518883670	geckodriver	INFO	Listening on 127.0.0.1:51686
1524518884734	mozrunner::runner	INFO	Running command: "/Applications/Firefox.app/Contents/MacOS/firefox-bin" "-marionette" "-profile" "/var/folders/9k/w7jstsp56z9d8j25nq7fkthm0000gn/T/rust_mozprofile.phDmNskrxvcb"
1524518885268	Marionette	INFO	Enabled via --marionette
2018-04-24 01:28:06.219 plugin-container[28914:673733] *** CFMessagePort: bootstrap_register(): failed 1100 (0x44c) 'Permission denied', port = 0xa637, name = 'com.apple.tsm.portname'
See /usr/include/servers/bootstrap_defs.h for the error codes.
1524518886554	Marionette	INFO	Listening on port 51692
1524518886624	Marionette	WARN	TLS certificate errors will be ignored for this session
2018-04-24 01:28:07.070 plugin-container[28915:673820] *** CFMessagePort: bootstrap_register(): failed 1100 (0x44c) 'Permission denied', port = 0xa237, name = 'com.apple.tsm.portname'
See /usr/include/servers/bootstrap_defs.h for the error codes.
[GFX1-]: Receive IPC close with reason=AbnormalShutdown
1524518932542	geckodriver	INFO	geckodriver 0.19.1
1524518932547	geckodriver	INFO	Listening on 127.0.0.1:51895
1524518933618	mozrunner::runner	INFO	Running command: "/Applications/Firefox.app/Contents/MacOS/firefox-bin" "-marionette" "-profile" "/var/folders/9k/w7jstsp56z9d8j25nq7fkthm0000gn/T/rust_mozprofile.7ZT1jCHI51J7"
1524518934220	Marionette	INFO	Enabled via --marionette
2018-04-24 01:28:55.210 plugin-container[28933:675281] *** CFMessagePort: bootstrap_register(): failed 1100 (0x44c) 'Permission denied', port = 0xa437, name = 'com.apple.tsm.portname'
See /usr/include/servers/bootstrap_defs.h for the error codes.
1524518935558	Marionette	INFO	Listening on port 51902
1524518935610	Marionette	WARN	TLS certificate errors will be ignored for this session
2018-04-24 01:28:56.085 plugin-container[28934:675369] *** CFMessagePort: bootstrap_register(): failed 1100 (0x44c) 'Permission denied', port = 0xa037, name = 'com.apple.tsm.portname'
See /usr/include/servers/bootstrap_defs.h for the error codes.
1524519014721	geckodriver	INFO	geckodriver 0.19.1
1524519014726	geckodriver	INFO	Listening on 127.0.0.1:52118
1524519015799	mozrunner::runner	INFO	Running command: "/Applications/Firefox.app/Contents/MacOS/firefox-bin" "-marionette" "-profile" "/var/folders/9k/w7jstsp56z9d8j25nq7fkthm0000gn/T/rust_mozprofile.Ol5JQfbQmGnq"
1524519016388	Marionette	INFO	Enabled via --marionette
2018-04-24 01:30:17.288 plugin-container[29067:677783] *** CFMessagePort: bootstrap_register(): failed 1100 (0x44c) 'Permission denied', port = 0xa533, name = 'com.apple.tsm.portname'
See /usr/include/servers/bootstrap_defs.h for the error codes.
1524519017638	Marionette	INFO	Listening on port 52124
1524519017694	Marionette	WARN	TLS certificate errors will be ignored for this session
2018-04-24 01:30:18.163 plugin-container[29068:677875] *** CFMessagePort: bootstrap_register(): failed 1100 (0x44c) 'Permission denied', port = 0xa137, name = 'com.apple.tsm.portname'
See /usr/include/servers/bootstrap_defs.h for the error codes.
[GFX1-]: Receive IPC close with reason=AbnormalShutdown
1526143335519	geckodriver	INFO	geckodriver 0.19.1
1526143335525	geckodriver	INFO	Listening on 127.0.0.1:59249
1526143335607	mozrunner::runner	INFO	Running command: "/Applications/Firefox.app/Contents/MacOS/firefox-bin" "-marionette" "-profile" "/var/folders/9k/w7jstsp56z9d8j25nq7fkthm0000gn/T/rust_mozprofile.C4jhPPNHEGLO"
Unable to read VR Path Registry from /Users/prashanthrajjapa/Library/Application Support/OpenVR/.openvr/openvrpaths.vrpath
Unable to read VR Path Registry from /Users/prashanthrajjapa/Library/Application Support/OpenVR/.openvr/openvrpaths.vrpath
2018-05-12 20:42:17.751 plugin-container[5360:93912] *** CFMessagePort: bootstrap_register(): failed 1100 (0x44c) 'Permission denied', port = 0x9b37, name = 'com.apple.tsm.portname'
See /usr/include/servers/bootstrap_defs.h for the error codes.
1526143338313	Marionette	INFO	Listening on port 59256
1526143338385	Marionette	WARN	TLS certificate errors will be ignored for this session
Unable to read VR Path Registry from /Users/prashanthrajjapa/Library/Application Support/OpenVR/.openvr/openvrpaths.vrpath
2018-05-12 20:42:18.798 plugin-container[5362:94045] *** CFMessagePort: bootstrap_register(): failed 1100 (0x44c) 'Permission denied', port = 0x9737, name = 'com.apple.tsm.portname'
See /usr/include/servers/bootstrap_defs.h for the error codes.
[GFX1-]: Receive IPC close with reason=AbnormalShutdown
1526145018341	geckodriver	INFO	geckodriver 0.19.1
1526145018350	geckodriver	INFO	Listening on 127.0.0.1:62838
1526145019439	mozrunner::runner	INFO	Running command: "/Applications/Firefox.app/Contents/MacOS/firefox-bin" "-marionette" "-profile" "/var/folders/9k/w7jstsp56z9d8j25nq7fkthm0000gn/T/rust_mozprofile.n35Z6LYBqWxO"
Unable to read VR Path Registry from /Users/prashanthrajjapa/Library/Application Support/OpenVR/.openvr/openvrpaths.vrpath
Unable to read VR Path Registry from /Users/prashanthrajjapa/Library/Application Support/OpenVR/.openvr/openvrpaths.vrpath
2018-05-12 21:10:21.529 plugin-container[6144:110284] *** CFMessagePort: bootstrap_register(): failed 1100 (0x44c) 'Permission denied', port = 0x9a37, name = 'com.apple.tsm.portname'
See /usr/include/servers/bootstrap_defs.h for the error codes.
1526145022180	Marionette	INFO	Listening on port 62849
1526145022249	Marionette	WARN	TLS certificate errors will be ignored for this session
Unable to read VR Path Registry from /Users/prashanthrajjapa/Library/Application Support/OpenVR/.openvr/openvrpaths.vrpath
2018-05-12 21:10:22.733 plugin-container[6145:110418] *** CFMessagePort: bootstrap_register(): failed 1100 (0x44c) 'Permission denied', port = 0x9537, name = 'com.apple.tsm.portname'
See /usr/include/servers/bootstrap_defs.h for the error codes.
1526145130358	geckodriver	INFO	geckodriver 0.19.1
1526145130365	geckodriver	INFO	Listening on 127.0.0.1:63583
1526145131430	mozrunner::runner	INFO	Running command: "/Applications/Firefox.app/Contents/MacOS/firefox-bin" "-marionette" "-profile" "/var/folders/9k/w7jstsp56z9d8j25nq7fkthm0000gn/T/rust_mozprofile.7FSFJzVZAEeD"
Unable to read VR Path Registry from /Users/prashanthrajjapa/Library/Application Support/OpenVR/.openvr/openvrpaths.vrpath
Unable to read VR Path Registry from /Users/prashanthrajjapa/Library/Application Support/OpenVR/.openvr/openvrpaths.vrpath
2018-05-12 21:12:12.861 plugin-container[6184:112028] *** CFMessagePort: bootstrap_register(): failed 1100 (0x44c) 'Permission denied', port = 0x9b33, name = 'com.apple.tsm.portname'
See /usr/include/servers/bootstrap_defs.h for the error codes.
1526145133240	Marionette	INFO	Listening on port 63593
1526145133299	Marionette	WARN	TLS certificate errors will be ignored for this session
Unable to read VR Path Registry from /Users/prashanthrajjapa/Library/Application Support/OpenVR/.openvr/openvrpaths.vrpath
2018-05-12 21:12:13.810 plugin-container[6185:112141] *** CFMessagePort: bootstrap_register(): failed 1100 (0x44c) 'Permission denied', port = 0x9737, name = 'com.apple.tsm.portname'
See /usr/include/servers/bootstrap_defs.h for the error codes.
1526145204972	geckodriver	INFO	geckodriver 0.19.1
1526145204977	geckodriver	INFO	Listening on 127.0.0.1:64079
1526145206040	mozrunner::runner	INFO	Running command: "/Applications/Firefox.app/Contents/MacOS/firefox-bin" "-marionette" "-profile" "/var/folders/9k/w7jstsp56z9d8j25nq7fkthm0000gn/T/rust_mozprofile.xKofSxEMB78k"
Unable to read VR Path Registry from /Users/prashanthrajjapa/Library/Application Support/OpenVR/.openvr/openvrpaths.vrpath
Unable to read VR Path Registry from /Users/prashanthrajjapa/Library/Application Support/OpenVR/.openvr/openvrpaths.vrpath
2018-05-12 21:13:27.450 plugin-container[6203:113489] *** CFMessagePort: bootstrap_register(): failed 1100 (0x44c) 'Permission denied', port = 0x9a37, name = 'com.apple.tsm.portname'
See /usr/include/servers/bootstrap_defs.h for the error codes.
1526145207836	Marionette	INFO	Listening on port 64089
1526145207908	Marionette	WARN	TLS certificate errors will be ignored for this session
Unable to read VR Path Registry from /Users/prashanthrajjapa/Library/Application Support/OpenVR/.openvr/openvrpaths.vrpath
2018-05-12 21:13:28.372 plugin-container[6204:113581] *** CFMessagePort: bootstrap_register(): failed 1100 (0x44c) 'Permission denied', port = 0x9637, name = 'com.apple.tsm.portname'
See /usr/include/servers/bootstrap_defs.h for the error codes.
[GFX1-]: Receive IPC close with reason=AbnormalShutdown
1526145246881	geckodriver	INFO	geckodriver 0.19.1
1526145246886	geckodriver	INFO	Listening on 127.0.0.1:64427
1526145247950	mozrunner::runner	INFO	Running command: "/Applications/Firefox.app/Contents/MacOS/firefox-bin" "-marionette" "-profile" "/var/folders/9k/w7jstsp56z9d8j25nq7fkthm0000gn/T/rust_mozprofile.Osa2leCtpsPI"
Unable to read VR Path Registry from /Users/prashanthrajjapa/Library/Application Support/OpenVR/.openvr/openvrpaths.vrpath
Unable to read VR Path Registry from /Users/prashanthrajjapa/Library/Application Support/OpenVR/.openvr/openvrpaths.vrpath
2018-05-12 21:14:09.354 plugin-container[6222:114804] *** CFMessagePort: bootstrap_register(): failed 1100 (0x44c) 'Permission denied', port = 0x9a37, name = 'com.apple.tsm.portname'
See /usr/include/servers/bootstrap_defs.h for the error codes.
1526145249768	Marionette	INFO	Listening on port 64437
1526145249823	Marionette	WARN	TLS certificate errors will be ignored for this session
Unable to read VR Path Registry from /Users/prashanthrajjapa/Library/Application Support/OpenVR/.openvr/openvrpaths.vrpath
2018-05-12 21:14:10.287 plugin-container[6223:114910] *** CFMessagePort: bootstrap_register(): failed 1100 (0x44c) 'Permission denied', port = 0x943b, name = 'com.apple.tsm.portname'
See /usr/include/servers/bootstrap_defs.h for the error codes.
1526145290920	geckodriver	INFO	geckodriver 0.19.1
1526145290925	geckodriver	INFO	Listening on 127.0.0.1:64780
1526145291996	mozrunner::runner	INFO	Running command: "/Applications/Firefox.app/Contents/MacOS/firefox-bin" "-marionette" "-profile" "/var/folders/9k/w7jstsp56z9d8j25nq7fkthm0000gn/T/rust_mozprofile.02eZay0NWAzZ"
Unable to read VR Path Registry from /Users/prashanthrajjapa/Library/Application Support/OpenVR/.openvr/openvrpaths.vrpath
Unable to read VR Path Registry from /Users/prashanthrajjapa/Library/Application Support/OpenVR/.openvr/openvrpaths.vrpath
2018-05-12 21:14:53.410 plugin-container[6236:116080] *** CFMessagePort: bootstrap_register(): failed 1100 (0x44c) 'Permission denied', port = 0x9b33, name = 'com.apple.tsm.portname'
See /usr/include/servers/bootstrap_defs.h for the error codes.
1526145293821	Marionette	INFO	Listening on port 64792
1526145293874	Marionette	WARN	TLS certificate errors will be ignored for this session
Unable to read VR Path Registry from /Users/prashanthrajjapa/Library/Application Support/OpenVR/.openvr/openvrpaths.vrpath
2018-05-12 21:14:54.419 plugin-container[6237:116177] *** CFMessagePort: bootstrap_register(): failed 1100 (0x44c) 'Permission denied', port = 0x953b, name = 'com.apple.tsm.portname'
See /usr/include/servers/bootstrap_defs.h for the error codes.
